app/build/intermediates/manifest_merge_blame_file/debug/manifest-merger-blame-debug-report.txt
1<?xml version="1.0" encoding="utf-8"?>
2<manifest xmlns:android="http://schemas.android.com/apk/res/android"
3    package="com.example.android.wifidirect"
4    android:versionCode="1"
5    android:versionName="1.0" > <!-- runtime permission check API is on Android 6.0 or higher -->
6    <uses-sdk
6-->src\main\AndroidManifest.xml:9:5-44
7        android:minSdkVersion="23"
7-->src\main\AndroidManifest.xml:9:15-41
8        android:targetSdkVersion="31" />
8-->src\main\AndroidManifest.xml:9:5-44
9
10    <uses-permission android:name="android.permission.ACCESS_WIFI_STATE" />
10-->src\main\AndroidManifest.xml:11:5-76
10-->src\main\AndroidManifest.xml:11:22-73
11    <uses-permission android:name="android.permission.CHANGE_WIFI_STATE" />
11-->src\main\AndroidManifest.xml:12:5-76
11-->src\main\AndroidManifest.xml:12:22-73
12    <uses-permission android:name="android.permission.CHANGE_NETWORK_STATE" />
12-->src\main\AndroidManifest.xml:13:5-79
12-->src\main\AndroidManifest.xml:13:22-76
13    <uses-permission android:name="android.permission.INTERNET" />
13-->src\main\AndroidManifest.xml:14:5-67
13-->src\main\AndroidManifest.xml:14:22-64
14    <uses-permission android:name="android.permission.ACCESS_NETWORK_STATE" />
14-->src\main\AndroidManifest.xml:15:5-79
14-->src\main\AndroidManifest.xml:15:22-76
15    <uses-permission android:name="android.permission.READ_PHONE_STATE" />
15-->src\main\AndroidManifest.xml:16:5-75
15-->src\main\AndroidManifest.xml:16:22-72
16    <uses-permission android:name="android.permission.WRITE_EXTERNAL_STORAGE" />
16-->src\main\AndroidManifest.xml:17:5-81
16-->src\main\AndroidManifest.xml:17:22-78
17    <uses-permission android:name="android.permission.ACCESS_FINE_LOCATION" />
17-->src\main\AndroidManifest.xml:18:5-79
17-->src\main\AndroidManifest.xml:18:22-76
18    <uses-permission android:name="android.permission.WAKE_LOCK" />
18-->src\main\AndroidManifest.xml:19:5-68
18-->src\main\AndroidManifest.xml:19:22-65
19    <!-- Google Play filtering -->
20    <uses-feature
20-->src\main\AndroidManifest.xml:21:5-23:35
21        android:name="android.hardware.wifi.direct"
21-->src\main\AndroidManifest.xml:22:9-52
22        android:required="true" />
22-->src\main\AndroidManifest.xml:23:9-32
23
24    <application
24-->src\main\AndroidManifest.xml:25:5-58:19
25        android:appComponentFactory="androidx.core.app.CoreComponentFactory"
25-->[androidx.core:core:1.8.0-alpha01] AndroidManifest.xml:24:18-86
26        android:debuggable="true"
27        android:extractNativeLibs="false"
28        android:icon="@drawable/ic_launcher"
28-->src\main\AndroidManifest.xml:26:9-45
29        android:label="@string/app_name"
29-->src\main\AndroidManifest.xml:27:9-41
30        android:testOnly="true"
31        android:theme="@android:style/Theme.Holo" >
31-->src\main\AndroidManifest.xml:28:9-50
32        <activity
32-->src\main\AndroidManifest.xml:30:9-40:20
33            android:name="com.example.android.wifidirect.WiFiDirectActivity"
33-->src\main\AndroidManifest.xml:31:13-47
34            android:exported="true"
34-->src\main\AndroidManifest.xml:32:13-36
35            android:label="@string/app_name"
35-->src\main\AndroidManifest.xml:33:13-45
36            android:launchMode="singleTask" >
36-->src\main\AndroidManifest.xml:33:46-77
37            <intent-filter>
37-->src\main\AndroidManifest.xml:34:13-39:29
38                <action android:name="android.intent.action.MAIN" />
38-->src\main\AndroidManifest.xml:35:17-36:65
38-->src\main\AndroidManifest.xml:36:21-62
39
40                <category android:name="android.intent.category.LAUNCHER" />
40-->src\main\AndroidManifest.xml:37:17-38:71
40-->src\main\AndroidManifest.xml:38:21-68
41            </intent-filter>
42        </activity>
43
44        <provider
44-->src\main\AndroidManifest.xml:42:9-50:20
45            android:name="androidx.core.content.FileProvider"
45-->src\main\AndroidManifest.xml:43:13-62
46            android:authorities="com.example.android.wifidirect.fileprovider"
46-->src\main\AndroidManifest.xml:44:13-78
47            android:exported="false"
47-->src\main\AndroidManifest.xml:45:13-37
48            android:grantUriPermissions="true" >
48-->src\main\AndroidManifest.xml:46:13-47
49            <meta-data
49-->src\main\AndroidManifest.xml:47:13-49:58
50                android:name="android.support.FILE_PROVIDER_PATHS"
50-->src\main\AndroidManifest.xml:48:17-67
51                android:resource="@xml/provider_paths" />
51-->src\main\AndroidManifest.xml:49:17-55
52        </provider>
53
54        <!-- Used for transferring files  after a successful connection -->
55        <service
55-->src\main\AndroidManifest.xml:53:9-56:38
56            android:name="com.example.android.wifidirect.FileTransferService"
56-->src\main\AndroidManifest.xml:54:13-48
57            android:enabled="true"
57-->src\main\AndroidManifest.xml:56:13-35
58            android:permission="android.permission.BIND_JOB_SERVICE" />
58-->src\main\AndroidManifest.xml:55:13-69
59    </application>
60
61</manifest>